./txt/AMK_agentstvo_magicheskikh_katastrof.fb2.txt
60742
./txt/Apokalipsis_rozhdenie_Imperatora.fb2.txt
109328
./txt/Artefaktor_Ekvestrii_Diksdi.fb2.txt
233189
./txt/Aviatsiya_Ekvestrii.fb2.txt
62364
./txt/Bezottsovshchina.fb2.txt
62815
./txt/Bezvestnye_Zhertvy.fb2.txt
164468
./txt/Bitvy_Magov_2.fb2.txt
136926
./txt/Bitvy_Magov.fb2.txt
90225
./txt/Bresh_mirov.fb2.txt
90431
./txt/Broni_skul_ptor_real_nosti.fb2.txt
66987
./txt/Castle_of_Glass.fb2.txt
134678
./txt/ChM_Povsednevnost_.fb2.txt
55512
./txt/Chronicles_Postapocalypse_Equestria.fb2.txt
151877
./txt/Chronicles_Postapocalypse_Secrets_of_Equestria.fb2.txt
159881
./txt/Chuzhaya_magiya.fb2.txt
56143
./txt/Chuzhaya_zemlya.fb2.txt
143592
./txt/Chuzhezemets.fb2.txt
54985
./txt/Chyornaya_metel_.fb2.txt
50798
./txt/Colorless.fb2.txt
101854
./txt/Delo_No_147.fb2.txt
90989
./txt/Devochka_i_Koroleva.fb2.txt
78344
./txt/Dikie.fb2.txt
70583
./txt/Dobro_pozhalovat_i_do_svidaniya.fb2.txt
54050
./txt/Doktor_Derp_.fb2.txt
91928
./txt/Dolgiy_put_domoy.fb2.txt
203080
./txt/DOOM_Ekvestriya_Tom_1_Zheleznyy_kogot_.fb2.txt
151547
./txt/Doroga_iz_zheltogo_kirpicha.fb2.txt
103164
./txt/Drakon_iz_paralel_nogo_mira_2_0.fb2.txt
75553
./txt/Drakon_iz_paralel_nogo_mira.fb2.txt
125299
./txt/Druzhba_Chto_eto_.fb2.txt
79690
./txt/Dvoynaya_Raduga.fb2.txt
61395
./txt/Dyzhina_Bellatora.fb2.txt
95359
./txt/Edinaya_Ekvestriya.fb2.txt
47379
./txt/Ekvestriya_84.fb2.txt
52188
./txt/Elementy_druzhby.fb2.txt
58620
./txt/Epokha_polnochnykh_koshmarov.fb2.txt
91524
./txt/Exter.fb2.txt
204553
./txt/Fallout_Bol_shie_Izmeneniya.fb2.txt
67739
./txt/Fallout_Equestria_Dokument_T_600_.fb2.txt
74607
./txt/Fallout_Equestria_Frozen_Shores.fb2.txt
64559
./txt/Fallout_Equestria_Iskopaemoe_The_Fossil_.fb2.txt
239739
./txt/Fallout_Equestria_Odin_na_million_Vot_idyot_grifon.fb2.txt
67422
./txt/Fallout_Equestria_Parallel_nost_.fb2.txt
390613
./txt/FallOut_Equestria_Pawns.fb2.txt
360363
./txt/Fallout_Equestria_Pod_svetom_solntsa.fb2.txt
123912
./txt/Fallout_Equestria_Promise.fb2.txt
236758
./txt/Fallout_Equestria_Science_and_pain.fb2.txt
79402
./txt/Fallout_Equestria_Sneg_i_Veter.fb2.txt
168696
./txt/Fallout_Equestria_Soldiers_Of_The_Dark_Ages_.fb2.txt
125682
./txt/Fallout_Equestria_Teni_Anklava.fb2.txt
252890
./txt/Fallout_Equestria_The_Inner_Road.fb2.txt
134585
./txt/Fallout_Equestria_Time_Turner.fb2.txt
92294
./txt/Fallout_Equestria_Vivat_Littlpip_.fb2.txt
48814
./txt/Fallout_Long_Road_to_Home.fb2.txt
87378
./txt/Fallout_New_Canterlot.fb2.txt
100877
./txt/Flattershay_v_mery_.fb2.txt
75630
./txt/FoE_Otvet.fb2.txt
75919
./txt/FO_E_Skhvatka_v_Razlome.fb2.txt
58389
./txt/Follaut_Ekvestriya_Lunnye_Teni.fb2.txt
63771
./txt/Gnet_Sudeb.fb2.txt
134649
./txt/Gorod_Tysyachi_Mostov.fb2.txt
56483
./txt/Hollow_Shades.fb2.txt
114136
./txt/Idoly_i_Bogi.fb2.txt
137964
./txt/Igra_bez_scheta.fb2.txt
65485
./txt/Inaya_Ekvestriya_Chyornoe_i_beloe.fb2.txt
64569
./txt/Iskry_mirov.fb2.txt
112916
./txt/Istoriya_stalkera_v_Fo_E_Istoriya_I_.fb2.txt
78561
./txt/Izvilistyy_put_.fb2.txt
54877
./txt/Kabanero.fb2.txt
73528
./txt/Kandran.fb2.txt
79788
./txt/Khishchnik.fb2.txt
136583
./txt/Khroniki_odnogo_gvardeytsa.fb2.txt
203156
./txt/Khroniki_Postapokalipsa_Inomir_e.fb2.txt
97868
./txt/Khroniki_Roya.fb2.txt
82794
./txt/Kiberponi.fb2.txt
72394
./txt/Kogda_mechta_stanovitsya_yav_y_Neudachnoe_zhelanie_.fb2.txt
216355
./txt/Kol_tso_2_Vozvrashchenie_serogo_vlastelina_.fb2.txt
108277
./txt/Kol_tso_3_Reinkarnatsiya_Anonimusa_Rabochee_nazvanie_.fb2.txt
54697
./txt/Kol_tso.fb2.txt
70025
./txt/Kompas.fb2.txt
162551
./txt/Krov_Par_Stal_.fb2.txt
60475
./txt/Kur_er_Mezh_Mirov.fb2.txt
68541
./txt/Laskovyy_dozhd_.fb2.txt
76238
./txt/Letopisi_Zashchitnika_Novyy_mir.fb2.txt
133649
./txt/Litso_pod_maskoy.fb2.txt
60061
./txt/Magistika.fb2.txt
101422
./txt/Matematika_razuma.fb2.txt
128349
./txt/Metka_Sud_by.fb2.txt
52976
./txt/Metkostirateli.fb2.txt
53447
./txt/Mi.fb2.txt
82307
./txt/MLP_Mest_Volka.fb2.txt
69140
./txt/Moya_malen_kaya_Tvayli_iskorka_izmenivshaya_moy_zhizn_.fb2.txt
56022
./txt/My_Little_Assuming_Control_ili_Shalovlivye_ruchonki_Sheparda.fb2.txt
83830
./txt/My_Little_Pony_Oblivion.fb2.txt
82412
./txt/My_little_Scrolls_Oblivion.fb2.txt
127653
./txt/My_little_Sniper_Ob_ekt_504_.fb2.txt
60758
./txt/Nasledie_Bogini_Diksdi.fb2.txt
198659
./txt/Nebol_shaya_zarisovka_iz_zhizni_Ekvestrii.fb2.txt
76624
./txt/Nekromantiya.fb2.txt
79592
./txt/Neobychnoe_Zadanie_ili_BlackWood_ne_trogay_poni.fb2.txt
66281
./txt/Ne_v_metke_delo_.fb2.txt
60187
./txt/Novoe_nachalo.fb2.txt
58712
./txt/Obman.fb2.txt
66974
./txt/Obratnaya_storona_medali.fb2.txt
118752
./txt/Odinochka_Folli_ili_Takie_raznye_vzglyady_na_zhizn_.fb2.txt
118789
./txt/Odnoy_krovi.fb2.txt
199357
./txt/Ognennye_kryl_ya.fb2.txt
59804
./txt/Okno_v_Ekvestriy.fb2.txt
60047
./txt/Oskolok_proshlogo_Diksdi.fb2.txt
157771
./txt/Ottenki_krasnogo.fb2.txt
62303
./txt/Padenie_vo_t_mu.fb2.txt
87249
./txt/Peresechenie_mirov.fb2.txt
73589
./txt/Pervoprokhodets.fb2.txt
323383
./txt/Pesn_Solntsa_i_Luny_Chyornyy_Kristall.fb2.txt
67197
./txt/Pesn_Zhizni.fb2.txt
106999
./txt/Planescape_skazka_o_Bestolochi.fb2.txt
99635
./txt/Planescape_skazka_o_ledi_i_rytsare.fb2.txt
107322
./txt/Planescape_skazka_o_planarnom_otpuske.fb2.txt
101497
./txt/Planescape_skazka_o_priklychentsakh.fb2.txt
98896
./txt/Planescape_skazka_o_ternistom_puti_na_vershinu.fb2.txt
100163
./txt/Polyarnaya_povest_.fb2.txt
55605
./txt/Pon_blednyy.fb2.txt
60495
./txt/Poslannik_v_Ekvestrii.fb2.txt
54241
./txt/Posledniy_drevniy.fb2.txt
69292
./txt/Posledniy_fanfik.fb2.txt
100909
./txt/Poveliteli_Zhizni.fb2.txt
160388
./txt/Predskazanie_Angrossa_.fb2.txt
154772
./txt/Prekrasnyy_i_tleyshchiy_mir.fb2.txt
185965
./txt/Priklychenie_poni_s_raduzhnoy_grivoy.fb2.txt
91997
./txt/Printseps.fb2.txt
74744
./txt/Printsessa_Garmonii.fb2.txt
89907
./txt/Printsessa_Selestiya_menyaet_professiy.fb2.txt
123912
./txt/Prizraki_inogo_mira.fb2.txt
118069
./txt/Prodolzhenie_steyblridzhskikh_khronik.fb2.txt
153127
./txt/Proklyatyy.fb2.txt
54352
./txt/Put_k_miru.fb2.txt
63919
./txt/Raduzhnyy_anabasis.fb2.txt
48855
./txt/Raduzhnyy_Rytsar_.fb2.txt
90826
./txt/Robinzonada_Dante.fb2.txt
97721
./txt/Rodnye_zemli.fb2.txt
59447
./txt/Roman_Kolebaniya_mayatnika_.fb2.txt
398227
./txt/Rozhdenie_spasitel_nitsy.fb2.txt
57908
./txt/Samoe_Zavetnoe_Zhelanie.fb2.txt
117485
./txt/Segodnya_oni_prosnulis_ne_v_sebe.fb2.txt
56124
./txt/Sem_dney_v_Kopperville.fb2.txt
72194
./txt/Severomorskie_istorii.fb2.txt
335515
./txt/Shans.fb2.txt
55913
./txt/Shest_korolevstv.fb2.txt
155942
./txt/Skazka_o_novom_Poniville.fb2.txt
83291
./txt/Skazka_o_pavshikh_bozhestvakh.fb2.txt
105011
./txt/Skazka_o_Poslednem_Pokhode.fb2.txt
133814
./txt/Skazka_o_puti_k_Istine.fb2.txt
99539
./txt/Skazka_o_slavnom_gorode_Trottingem.fb2.txt
132589
./txt/Skazka_o_tom_kak_umirayt_goroda_gosudarstva.fb2.txt
59725
./txt/Skazki_nebesnogo_domika.fb2.txt
106537
./txt/Skazki_sluzhivogo_Voya.fb2.txt
72599
./txt/Slomannaya_Igrushka.fb2.txt
132390
./txt/Soldaty_neba.fb2.txt
98212
./txt/Solntse_v_rykzake.fb2.txt
50731
./txt/Sprosi_pustyny.fb2.txt
51156
./txt/Stal_nye_kryl_ya.fb2.txt
135381
./txt/Stal_nye_kryl_ya_Ognem_i_Zhelezom.fb2.txt
813336
./txt/Stal_nye_kryl_ya_rozhdenie_Legiona.fb2.txt
638245
./txt/_Stal_nye_krylyshki_.fb2.txt
202450
./txt/Steyblridzhskie_khroniki.fb2.txt
125188
./txt/Strane_nuzhny_parovozy_.fb2.txt
86131
./txt/Strannik.fb2.txt
187869
./txt/Strannik_Puteshestvie_vtoroe_Mezhdu_mirami.fb2.txt
59913
./txt/Strazhi_Ekvestrii_1_Epizod_V_Konets_Tsikla.fb2.txt
80297
./txt/Tannis.fb2.txt
70570
./txt/Tekhnologicheskie_artefakty.fb2.txt
144968
./txt/Temnaya_i_Belaya_zhizn_.fb2.txt
188809
./txt/Temnaya_i_Belaya_zhizn_Probuzhdenie_sily.fb2.txt
57509
./txt/Ten_i_noch_.fb2.txt
171732
./txt/Ten_padshikh.fb2.txt
62372
./txt/Teoriya_khaosa.fb2.txt
65810
./txt/The_Day_When_I_Found_My_Phobies.fb2.txt
53984
./txt/Tik_tak_ili_kak_to_tak_.fb2.txt
69752
./txt/Torgovyy_dom_Zelyonaya_milya_.fb2.txt
82444
./txt/Traektoriya_padeniya.fb2.txt
71807
./txt/Trinadtsatyy_The13th.fb2.txt
100001
./txt/Tyaga_k_znaniyam.fb2.txt
59255
./txt/Uchenik_i_Master_Akt_pervyy_Zmeya_na_poroge_doma_.fb2.txt
66778
./txt/Uchenitsa.fb2.txt
115167
./txt/Veter_Vremen.fb2.txt
52690
./txt/Vlastelin_Kolets_Sodruzhestvo_eto_magiya.fb2.txt
58742
./txt/Vlast_odnogo.fb2.txt
50825
./txt/Vlekomye_rokom.fb2.txt
66188
./txt/Voskhod_Luny.fb2.txt
154176
./txt/Voyna_trekh_znamen.fb2.txt
56027
./txt/Voznesenie.fb2.txt
84841
./txt/Vrata.fb2.txt
70830
./txt/Vremya_lybvi.fb2.txt
63524
./txt/Vtoraya_zhizn_tom_pervyy_prolog.fb2.txt
234120
./txt/Vtoraya_Zhizn_tom_tretiy_primirenie_s_nastoyashchim.fb2.txt
74884
./txt/Vtoraya_zhizn_tom_vtoroy_bor_ba_s_proshlym.fb2.txt
281661
./txt/Ya_drugaya.fb2.txt
94901
./txt/Yantar_v_temnote.fb2.txt
230649
./txt/Zabroshennyy.fb2.txt
116211
./txt/Za_Gorizontom.fb2.txt
83420
./txt/Zakon_Ekvestrii.fb2.txt
254729
./txt/Zakon_Ekvestrii_Soyz_Pyati_Figur.fb2.txt
67083
./txt/Zashchitnik.fb2.txt
87090
./txt/Zatmenie_II_Plamennoe_serdtse.fb2.txt
80413
./txt/Zavershenie_steyblridzhskikh_khronik.fb2.txt
214656
./txt/Zhidkaya_t_ma.fb2.txt
111770
./txt/Zolotoe_solnyshko.fb2.txt
60777
./txt/Zvyozdnye_seti.fb2.txt
181343
